CRITICAL:root:classifier = models/smalluav_gnb_clf_1-5sec.pkl
CRITICAL:root:threat_value = uav
CRITICAL:root:recording_time = 1.5
CRITICAL:root:number_of_saved_noises = 50
CRITICAL:root:[2021-02-23 20:50:38.551736] Tower wt2 spotted a threat. Coordinates [40.41301; -86.94991]
CRITICAL:root:[2021-02-23 20:50:38.680061] Tower wt2 spotted a threat. Coordinates [40.41301; -86.94991]
CRITICAL:root:[2021-02-23 20:50:40.451187] Tower wt2 spotted a threat. Coordinates [40.41301; -86.94991]
CRITICAL:root:[2021-02-23 20:50:50.827817] Tower wt2 spotted a threat. Coordinates [40.41301; -86.94991]
CRITICAL:root:[2021-02-23 20:50:50.957316] Tower wt2 spotted a threat. Coordinates [40.41301; -86.94991]
CRITICAL:root:[2021-02-23 20:50:53.014490] Tower wt2 spotted a threat. Coordinates [40.41301; -86.94991]
CRITICAL:root:[2021-02-23 20:51:26.303469] Tower wt2 spotted a threat. Coordinates [40.41301; -86.94991]
CRITICAL:root:[2021-02-23 20:51:26.332898] Tower wt2 spotted a threat. Coordinates [40.41301; -86.94991]
CRITICAL:root:[2021-02-23 20:51:28.258055] Tower wt2 spotted a threat. Coordinates [40.41301; -86.94991]
CRITICAL:root:[2021-02-23 20:51:34.286509] Tower wt2 spotted a threat. Coordinates [40.41301; -86.94991]
CRITICAL:root:[2021-02-23 20:51:34.348219] Tower wt2 spotted a threat. Coordinates [40.41301; -86.94991]
CRITICAL:root:[2021-02-23 20:52:37.098256] Tower wt2 spotted a threat. Coordinates [40.41301; -86.94991]
CRITICAL:root:[2021-02-23 20:52:37.969638] Tower wt2 spotted a threat. Coordinates [40.41301; -86.94991]
CRITICAL:root:[2021-02-23 20:52:38.057266] Tower wt2 spotted a threat. Coordinates [40.41301; -86.94991]
CRITICAL:root:[2021-02-23 20:52:39.237694] Tower wt2 spotted a threat. Coordinates [40.41301; -86.94991]
CRITICAL:root:[2021-02-23 20:52:40.201999] Tower wt2 spotted a threat. Coordinates [40.41301; -86.94991]
CRITICAL:root:[2021-02-23 20:52:40.269506] Tower wt2 spotted a threat. Coordinates [40.41301; -86.94991]
CRITICAL:root:[2021-02-23 20:52:45.437192] Tower wt2 spotted a threat. Coordinates [40.41301; -86.94991]
CRITICAL:root:[2021-02-23 20:52:46.232855] Tower wt2 spotted a threat. Coordinates [40.41301; -86.94991]
CRITICAL:root:[2021-02-23 20:52:46.283596] Tower wt2 spotted a threat. Coordinates [40.41301; -86.94991]
CRITICAL:root:[2021-02-23 20:53:37.381402] Tower wt2 spotted a threat. Coordinates [40.41301; -86.94991]
CRITICAL:root:[2021-02-23 20:53:38.578933] Tower wt2 spotted a threat. Coordinates [40.41301; -86.94991]
CRITICAL:root:[2021-02-23 20:53:38.831075] Tower wt2 spotted a threat. Coordinates [40.41301; -86.94991]
CRITICAL:root:[2021-02-23 20:53:49.666839] Tower wt2 spotted a threat. Coordinates [40.41301; -86.94991]
CRITICAL:root:[2021-02-23 20:53:49.876864] Tower wt2 spotted a threat. Coordinates [40.41301; -86.94991]
CRITICAL:root:[2021-02-23 20:54:07.112998] Tower wt1 spotted a threat. Coordinates [40.41271; -86.9508]
CRITICAL:root:[2021-02-23 20:54:08.569198] Towers wt1 and wt2 spotted a threat. Coordinates [40.41276203942638; -86.95064561636839]
CRITICAL:root:[2021-02-23 20:54:08.569198] Tower wt1 dev = 0.0006990239999999995 ; Tower wt2 dev = 0.00014670399999999924 
CRITICAL:root:[2021-02-23 20:54:09.298591] Towers wt1 and wt2 spotted a threat. Coordinates [40.41276203942638; -86.95064561636839]
CRITICAL:root:[2021-02-23 20:54:09.298591] Tower wt1 dev = 0.0006990239999999995 ; Tower wt2 dev = 0.00014670399999999924 
CRITICAL:root:[2021-02-23 20:54:09.386536] Towers wt1 and wt2 spotted a threat. Coordinates [40.41275013642913; -86.95068092859358]
CRITICAL:root:[2021-02-23 20:54:09.386536] Tower wt1 dev = 0.000949835999999999 ; Tower wt2 dev = 0.00014670399999999924 
CRITICAL:root:[2021-02-23 20:54:10.902394] Towers wt1 and wt2 spotted a threat. Coordinates [40.41272945184224; -86.95074229286803]
CRITICAL:root:[2021-02-23 20:54:10.902394] Tower wt1 dev = 0.000949835999999999 ; Tower wt2 dev = 6.585699999999903e-05 
CRITICAL:root:[2021-02-23 20:54:11.867161] Towers wt1 and wt2 spotted a threat. Coordinates [40.41272945184224; -86.95074229286803]
CRITICAL:root:[2021-02-23 20:54:11.867161] Tower wt1 dev = 0.000949835999999999 ; Tower wt2 dev = 6.585699999999903e-05 
CRITICAL:root:[2021-02-23 20:54:11.897141] Towers wt1 and wt2 spotted a threat. Coordinates [40.412729039703024; -86.95074351554769]
CRITICAL:root:[2021-02-23 20:54:11.897141] Tower wt1 dev = 0.0009718219999999989 ; Tower wt2 dev = 6.585699999999903e-05 
CRITICAL:root:[2021-02-23 20:54:13.096302] Towers wt1 and wt2 spotted a threat. Coordinates [40.41283912719344; -86.95041692265944]
CRITICAL:root:[2021-02-23 20:54:13.096302] Tower wt1 dev = 0.0009718219999999989 ; Tower wt2 dev = 0.0007343980000000007 
CRITICAL:root:[2021-02-23 20:54:14.192019] Towers wt1 and wt2 spotted a threat. Coordinates [40.41283912719344; -86.95041692265944]
CRITICAL:root:[2021-02-23 20:54:14.192019] Tower wt1 dev = 0.0009718219999999989 ; Tower wt2 dev = 0.0007343980000000007 
CRITICAL:root:[2021-02-23 20:54:14.199793] Towers wt2 and wt1 spotted a threat. Coordinates [40.41286830494262; -86.95033036200356]
CRITICAL:root:[2021-02-23 20:54:14.199793] Tower wt2 dev = 0.0007343980000000007 ; Tower wt1 dev = 0.0006573424999999997 
CRITICAL:root:[2021-02-23 20:54:15.153019] Towers wt2 and wt1 spotted a threat. Coordinates [40.41292503230731; -86.95016207082165]
CRITICAL:root:[2021-02-23 20:54:15.153019] Tower wt2 dev = 0.0016635719999999986 ; Tower wt1 dev = 0.0006573424999999997 
CRITICAL:root:[2021-02-23 20:54:16.427486] Towers wt2 and wt1 spotted a threat. Coordinates [40.41294235830563; -86.95011067035996]
CRITICAL:root:[2021-02-23 20:54:16.427486] Tower wt2 dev = 0.0016635719999999986 ; Tower wt1 dev = 0.00048428149999999934 
CRITICAL:root:[2021-02-23 20:54:16.429507] Towers wt2 and wt1 spotted a threat. Coordinates [40.41294235830563; -86.95011067035996]
CRITICAL:root:[2021-02-23 20:54:16.429507] Tower wt2 dev = 0.0016635719999999986 ; Tower wt1 dev = 0.00048428149999999934 
CRITICAL:root:[2021-02-23 20:54:17.443224] Towers wt2 and wt1 spotted a threat. Coordinates [40.412988765359216; -86.949972996101]
CRITICAL:root:[2021-02-23 20:54:17.443224] Tower wt2 dev = 0.006357578999999999 ; Tower wt1 dev = 0.00048428149999999934 
CRITICAL:root:[2021-02-23 20:54:18.792403] Towers wt2 and wt1 spotted a threat. Coordinates [40.41300163130616; -86.94993482712508]
CRITICAL:root:[2021-02-23 20:54:18.792403] Tower wt2 dev = 0.006357578999999999 ; Tower wt1 dev = 0.00018243800000000004 
CRITICAL:root:[2021-02-23 20:54:18.908609] Towers wt2 and wt1 spotted a threat. Coordinates [40.41300163130616; -86.94993482712508]
CRITICAL:root:[2021-02-23 20:54:18.908609] Tower wt2 dev = 0.006357578999999999 ; Tower wt1 dev = 0.00018243800000000004 
CRITICAL:root:[2021-02-23 20:54:19.448812] Towers wt2 and wt1 spotted a threat. Coordinates [40.41296897221006; -86.95003171577682]
CRITICAL:root:[2021-02-23 20:54:19.448812] Tower wt2 dev = 0.0011515699999999993 ; Tower wt1 dev = 0.00018243800000000004 
CRITICAL:root:[2021-02-23 20:54:20.878618] Tower wt2 spotted a threat. Coordinates [40.41301; -86.94991]
CRITICAL:root:[2021-02-23 20:54:20.957369] Tower wt2 spotted a threat. Coordinates [40.41301; -86.94991]
CRITICAL:root:[2021-02-23 20:54:21.412674] Tower wt2 spotted a threat. Coordinates [40.41301; -86.94991]
CRITICAL:root:[2021-02-23 20:54:22.771757] Towers wt1 and wt2 spotted a threat. Coordinates [40.412847931802006; -86.95039080232071]
CRITICAL:root:[2021-02-23 20:54:22.771757] Tower wt1 dev = 0.0006091994999999992 ; Tower wt2 dev = 0.0005184729999999985 
CRITICAL:root:[2021-02-23 20:54:22.943643] Towers wt1 and wt2 spotted a threat. Coordinates [40.412847931802006; -86.95039080232071]
CRITICAL:root:[2021-02-23 20:54:22.943643] Tower wt1 dev = 0.0006091994999999992 ; Tower wt2 dev = 0.0005184729999999985 
CRITICAL:root:[2021-02-23 20:54:23.525336] Towers wt1 and wt2 spotted a threat. Coordinates [40.41276148424917; -86.95064726339415]
CRITICAL:root:[2021-02-23 20:54:23.525336] Tower wt1 dev = 0.0006091994999999992 ; Tower wt2 dev = 0.00012620600000000023 
CRITICAL:root:[2021-02-23 20:54:25.016513] Towers wt1 and wt2 spotted a threat. Coordinates [40.41275862058803; -86.95065575892218]
CRITICAL:root:[2021-02-23 20:54:25.016513] Tower wt1 dev = 0.0006525135000000001 ; Tower wt2 dev = 0.00012620600000000023 
CRITICAL:root:[2021-02-23 20:54:25.284500] Towers wt1 and wt3 spotted a threat. Coordinates [40.41270162008193; -86.95005837725128]
CRITICAL:root:[2021-02-23 20:54:25.284500] Tower wt1 dev = 0.0006525135000000001 ; Tower wt3 dev = 0.00047056550000000065 
CRITICAL:root:[2021-02-23 20:54:25.683533] Towers wt1 and wt3 spotted a threat. Coordinates [40.41270162008193; -86.95005837725128]
CRITICAL:root:[2021-02-23 20:54:25.683533] Tower wt1 dev = 0.0006525135000000001 ; Tower wt3 dev = 0.00047056550000000065 
CRITICAL:root:[2021-02-23 20:54:26.976507] Towers wt1 and wt3 spotted a threat. Coordinates [40.41270598042255; -86.95044426739624]
CRITICAL:root:[2021-02-23 20:54:26.976507] Tower wt1 dev = 0.0018708024999999993 ; Tower wt3 dev = 0.00047056550000000065 
CRITICAL:root:[2021-02-23 20:54:27.199678] Towers wt1 and wt2 spotted a threat. Coordinates [40.41272228257111; -86.9507635617057]
CRITICAL:root:[2021-02-23 20:54:27.199678] Tower wt1 dev = 0.0018708024999999993 ; Tower wt2 dev = 7.986400000000067e-05 
CRITICAL:root:[2021-02-23 20:54:28.266972] Towers wt1 and wt2 spotted a threat. Coordinates [40.41275501881213; -86.95066644419069]
CRITICAL:root:[2021-02-23 20:54:28.266972] Tower wt1 dev = 0.0018708024999999993 ; Tower wt2 dev = 0.000330304 
CRITICAL:root:[2021-02-23 20:54:29.281364] Towers wt1 and wt2 spotted a threat. Coordinates [40.41273338131096; -86.95073063544415]
CRITICAL:root:[2021-02-23 20:54:29.281364] Tower wt1 dev = 0.003907747499999999 ; Tower wt2 dev = 0.000330304 
CRITICAL:root:[2021-02-23 20:54:29.377936] Towers wt1 and wt2 spotted a threat. Coordinates [40.41273338131096; -86.95073063544415]
CRITICAL:root:[2021-02-23 20:54:29.377936] Tower wt1 dev = 0.003907747499999999 ; Tower wt2 dev = 0.000330304 
CRITICAL:root:[2021-02-23 20:54:30.293859] Towers wt1 and wt2 spotted a threat. Coordinates [40.41271319593865; -86.95079051871532]
CRITICAL:root:[2021-02-23 20:54:30.293859] Tower wt1 dev = 0.003907747499999999 ; Tower wt2 dev = 4.207800000000095e-05 
CRITICAL:root:[2021-02-23 20:54:31.277142] Towers wt1 and wt2 spotted a threat. Coordinates [40.412718304873884; -86.95077536220748]
CRITICAL:root:[2021-02-23 20:54:31.277142] Tower wt1 dev = 0.001477921 ; Tower wt2 dev = 4.207800000000095e-05 
CRITICAL:root:[2021-02-23 20:54:31.388555] Towers wt1 and wt2 spotted a threat. Coordinates [40.412718304873884; -86.95077536220748]
CRITICAL:root:[2021-02-23 20:54:31.388555] Tower wt1 dev = 0.001477921 ; Tower wt2 dev = 4.207800000000095e-05 
CRITICAL:root:[2021-02-23 20:54:32.327388] Towers wt1 and wt2 spotted a threat. Coordinates [40.412769262143; -86.95062418897575]
CRITICAL:root:[2021-02-23 20:54:32.327388] Tower wt1 dev = 0.001477921 ; Tower wt2 dev = 0.00036381800000000013 
CRITICAL:root:[2021-02-23 20:54:33.214991] Towers wt1 and wt2 spotted a threat. Coordinates [40.41280089216312; -86.95053035324939]
CRITICAL:root:[2021-02-23 20:54:33.214991] Tower wt1 dev = 0.000837005 ; Tower wt2 dev = 0.00036381800000000013 
CRITICAL:root:[2021-02-23 20:54:33.391020] Towers wt1 and wt2 spotted a threat. Coordinates [40.41280089216312; -86.95053035324939]
CRITICAL:root:[2021-02-23 20:54:33.391020] Tower wt1 dev = 0.000837005 ; Tower wt2 dev = 0.00036381800000000013 
CRITICAL:root:[2021-02-23 20:54:34.449807] Towers wt1 and wt2 spotted a threat. Coordinates [40.41282379751435; -86.95046240070744]
CRITICAL:root:[2021-02-23 20:54:34.449807] Tower wt1 dev = 0.000837005 ; Tower wt2 dev = 0.0005115349999999987 
CRITICAL:root:[2021-02-23 20:54:35.201541] Towers wt1 and wt2 spotted a threat. Coordinates [40.41285247801003; -86.9503773152369]
CRITICAL:root:[2021-02-23 20:54:35.201541] Tower wt1 dev = 0.0005655470000000013 ; Tower wt2 dev = 0.0005115349999999987 
CRITICAL:root:[2021-02-23 20:54:36.457992] Towers wt1 and wt2 spotted a threat. Coordinates [40.412808598078975; -86.9505074923657]
CRITICAL:root:[2021-02-23 20:54:36.457992] Tower wt1 dev = 0.0005655470000000013 ; Tower wt2 dev = 0.0002768684999999993 
CRITICAL:root:[2021-02-23 20:54:37.143665] Towers wt1 and wt2 spotted a threat. Coordinates [40.412799460510165; -86.9505346004865]
CRITICAL:root:[2021-02-23 20:54:37.143665] Tower wt1 dev = 0.0006515919999999994 ; Tower wt2 dev = 0.0002768684999999993 
CRITICAL:root:[2021-02-23 20:54:38.743837] Towers wt1 and wt2 spotted a threat. Coordinates [40.412768101616386; -86.95062763187138]
CRITICAL:root:[2021-02-23 20:54:38.743837] Tower wt1 dev = 0.0006515919999999994 ; Tower wt2 dev = 0.00015650599999999897 
CRITICAL:root:[2021-02-23 20:54:39.313167] Towers wt1 and wt2 spotted a threat. Coordinates [40.412809465933954; -86.95050491772926]
CRITICAL:root:[2021-02-23 20:54:39.313167] Tower wt1 dev = 0.0003155330000000015 ; Tower wt2 dev = 0.00015650599999999897 
CRITICAL:root:[2021-02-23 20:54:40.707849] Towers wt1 and wt2 spotted a threat. Coordinates [40.41275550472306; -86.95066500265492]
CRITICAL:root:[2021-02-23 20:54:40.707849] Tower wt1 dev = 0.0003155330000000015 ; Tower wt2 dev = 5.6418500000000524e-05 
CRITICAL:root:[2021-02-23 20:54:41.300851] Towers wt1 and wt2 spotted a threat. Coordinates [40.412726923476875; -86.95074979368528]
CRITICAL:root:[2021-02-23 20:54:41.300851] Tower wt1 dev = 0.0009437039999999983 ; Tower wt2 dev = 5.6418500000000524e-05 
CRITICAL:root:[2021-02-23 20:54:42.658333] Towers wt1 and wt2 spotted a threat. Coordinates [40.412772915248276; -86.95061335143012]
CRITICAL:root:[2021-02-23 20:54:42.658333] Tower wt1 dev = 0.0009437039999999983 ; Tower wt2 dev = 0.0002504310000000006 
CRITICAL:root:[2021-02-23 20:54:43.295785] Towers wt1 and wt2 spotted a threat. Coordinates [40.41279373749338; -86.95055157876962]
CRITICAL:root:[2021-02-23 20:54:43.295785] Tower wt1 dev = 0.00064676925 ; Tower wt2 dev = 0.0002504310000000006 
CRITICAL:root:[2021-02-23 20:54:44.861513] Towers wt1 and wt2 spotted a threat. Coordinates [40.412802858239026; -86.95052452055756]
CRITICAL:root:[2021-02-23 20:54:44.861513] Tower wt1 dev = 0.00064676925 ; Tower wt2 dev = 0.0002899359999999993 
CRITICAL:root:[2021-02-23 20:54:45.450436] Towers wt1 and wt2 spotted a threat. Coordinates [40.41283210235067; -86.95043776302634]
CRITICAL:root:[2021-02-23 20:54:45.450436] Tower wt1 dev = 0.00042242375000000124 ; Tower wt2 dev = 0.0002899359999999993 
CRITICAL:root:[2021-02-23 20:54:46.814784] Towers wt1 and wt2 spotted a threat. Coordinates [40.412775870668; -86.95060458368494]
CRITICAL:root:[2021-02-23 20:54:46.814784] Tower wt1 dev = 0.00042242375000000124 ; Tower wt2 dev = 0.00011884599999999884 
CRITICAL:root:[2021-02-23 20:54:47.404218] Towers wt1 and wt2 spotted a threat. Coordinates [40.41284023981297; -86.95041362188819]
CRITICAL:root:[2021-02-23 20:54:47.404218] Tower wt1 dev = 0.00015490899999999995 ; Tower wt2 dev = 0.00011884599999999884 
CRITICAL:root:[2021-02-23 20:54:48.958612] Towers wt1 and wt2 spotted a threat. Coordinates [40.4127326578422; -86.9507327817348]
CRITICAL:root:[2021-02-23 20:54:48.958612] Tower wt1 dev = 0.00015490899999999995 ; Tower wt2 dev = 1.2655500000000042e-05 
CRITICAL:root:[2021-02-23 20:54:49.808566] Towers wt1 and wt2 spotted a threat. Coordinates [40.41274802639156; -86.95068718837169]
CRITICAL:root:[2021-02-23 20:54:49.808566] Tower wt1 dev = 8.718700000000072e-05 ; Tower wt2 dev = 1.2655500000000042e-05 
CRITICAL:root:[2021-02-23 20:54:50.956702] Towers wt2 and wt1 spotted a threat. Coordinates [40.41286357796624; -86.9503443853668]
CRITICAL:root:[2021-02-23 20:54:50.956702] Tower wt2 dev = 9.144799999999918e-05 ; Tower wt1 dev = 8.718700000000072e-05 
CRITICAL:root:[2021-02-23 20:54:51.723825] Towers wt1 and wt2 spotted a threat. Coordinates [40.412786574864136; -86.95057282790306]
CRITICAL:root:[2021-02-23 20:54:51.723825] Tower wt1 dev = 0.0002668210000000004 ; Tower wt2 dev = 9.144799999999918e-05 
CRITICAL:root:[2021-02-23 20:54:52.887483] Towers wt1 and wt2 spotted a threat. Coordinates [40.41280605414688; -86.95051503936426]
CRITICAL:root:[2021-02-23 20:54:52.887483] Tower wt1 dev = 0.0002668210000000004 ; Tower wt2 dev = 0.00012566699999999945 
CRITICAL:root:[2021-02-23 20:54:54.016007] Towers wt2 and wt3 spotted a threat. Coordinates [40.4129853157427; -86.94984211829244]
CRITICAL:root:[2021-02-23 20:54:54.016007] Tower wt2 dev = 0.00012566699999999945 ; Tower wt3 dev = 1.0503999999999722e-05 
CRITICAL:root:[2021-02-23 20:54:55.004399] Towers wt3 and wt2 spotted a threat. Coordinates [40.41280672955975; -86.9493510062893]
CRITICAL:root:[2021-02-23 20:54:55.004399] Tower wt3 dev = 1.0503999999999722e-05 ; Tower wt2 dev = 6.0319999999995655e-06 
CRITICAL:root:[2021-02-23 20:54:55.998156] Towers wt3 and wt2 spotted a threat. Coordinates [40.41280672955975; -86.9493510062893]
CRITICAL:root:[2021-02-23 20:54:55.998156] Tower wt3 dev = 1.0503999999999722e-05 ; Tower wt2 dev = 6.0319999999995655e-06 
CRITICAL:root:[2021-02-23 20:54:57.156747] Towers wt2 and wt3 spotted a threat. Coordinates [40.41299166536209; -86.94985957974576]
CRITICAL:root:[2021-02-23 20:54:57.156747] Tower wt2 dev = 0.0001728255000000012 ; Tower wt3 dev = 1.0503999999999722e-05 
CRITICAL:root:[2021-02-23 20:54:58.095231] Towers wt2 and wt1 spotted a threat. Coordinates [40.41287492058165; -86.95031073560776]
CRITICAL:root:[2021-02-23 20:54:58.095231] Tower wt2 dev = 0.0001728255000000012 ; Tower wt1 dev = 0.00014155400000000033 
CRITICAL:root:[2021-02-23 20:54:59.152447] Towers wt2 and wt1 spotted a threat. Coordinates [40.41289662664739; -86.95024634094608]
CRITICAL:root:[2021-02-23 20:54:59.152447] Tower wt2 dev = 0.00023301549999999935 ; Tower wt1 dev = 0.00014155400000000033 
CRITICAL:root:[2021-02-23 20:55:00.007878] Towers wt1 and wt2 spotted a threat. Coordinates [40.41283473350915; -86.95042995725619]
CRITICAL:root:[2021-02-23 20:55:00.007878] Tower wt1 dev = 0.00032741650000000025 ; Tower wt2 dev = 0.00023301549999999935 
CRITICAL:root:[2021-02-23 20:55:01.142588] Towers wt1 and wt2 spotted a threat. Coordinates [40.412855746584555; -86.95036761846582]
CRITICAL:root:[2021-02-23 20:55:01.142588] Tower wt1 dev = 0.00032741650000000025 ; Tower wt2 dev = 0.00030935999999999984 
CRITICAL:root:[2021-02-23 20:55:02.462626] Towers wt2 and wt1 spotted a threat. Coordinates [40.41286968162778; -86.95032627783758]
CRITICAL:root:[2021-02-23 20:55:02.462626] Tower wt2 dev = 0.00030935999999999984 ; Tower wt1 dev = 0.00027184649999999894 
CRITICAL:root:[2021-02-23 20:55:02.495992] Towers wt2 and wt1 spotted a threat. Coordinates [40.41286968162778; -86.95032627783758]
CRITICAL:root:[2021-02-23 20:55:02.495992] Tower wt2 dev = 0.00030935999999999984 ; Tower wt1 dev = 0.00027184649999999894 
CRITICAL:root:[2021-02-23 20:55:03.056689] Towers wt2 and wt1 spotted a threat. Coordinates [40.412866279683286; -86.95033637027292]
CRITICAL:root:[2021-02-23 20:55:03.056689] Tower wt2 dev = 0.00029560250000000045 ; Tower wt1 dev = 0.00027184649999999894 
CRITICAL:root:[2021-02-23 20:55:04.591283] Towers wt2 and wt3 spotted a threat. Coordinates [40.412857503747425; -86.94949063530542]
CRITICAL:root:[2021-02-23 20:55:04.591283] Tower wt2 dev = 0.00029560250000000045 ; Tower wt3 dev = 0.00026911799999999875 
CRITICAL:root:[2021-02-23 20:55:04.646602] Towers wt3 and wt2 spotted a threat. Coordinates [40.41272734371246; -86.94913269520927]
CRITICAL:root:[2021-02-23 20:55:04.646602] Tower wt3 dev = 0.002237429000000001 ; Tower wt2 dev = 0.00029560250000000045 
CRITICAL:root:[2021-02-23 20:55:05.028166] Towers wt3 and wt1 spotted a threat. Coordinates [40.41269155706199; -86.94916779998647]
CRITICAL:root:[2021-02-23 20:55:05.028166] Tower wt3 dev = 0.002237429000000001 ; Tower wt1 dev = 0.00018889700000000037 
CRITICAL:root:[2021-02-23 20:55:06.621244] Towers wt3 and wt1 spotted a threat. Coordinates [40.41269144287375; -86.94915769432727]
CRITICAL:root:[2021-02-23 20:55:06.621244] Tower wt3 dev = 0.002237429000000001 ; Tower wt1 dev = 0.00017396699999999883 
CRITICAL:root:[2021-02-23 20:55:06.680655] Towers wt3 and wt1 spotted a threat. Coordinates [40.41269470408339; -86.94944631138016]
CRITICAL:root:[2021-02-23 20:55:06.680655] Tower wt3 dev = 0.0005656754999999996 ; Tower wt1 dev = 0.00017396699999999883 
CRITICAL:root:[2021-02-23 20:55:07.702417] Towers wt3 and wt1 spotted a threat. Coordinates [40.41269470408339; -86.94944631138016]
CRITICAL:root:[2021-02-23 20:55:07.702417] Tower wt3 dev = 0.0005656754999999996 ; Tower wt1 dev = 0.00017396699999999883 
CRITICAL:root:[2021-02-23 20:55:08.593472] Towers wt3 and wt1 spotted a threat. Coordinates [40.412698330133104; -86.9497672167802]
CRITICAL:root:[2021-02-23 20:55:08.593472] Tower wt3 dev = 0.0005656754999999996 ; Tower wt1 dev = 0.00040378800000000215 
CRITICAL:root:[2021-02-23 20:55:08.748927] Towers wt1 and wt3 spotted a threat. Coordinates [40.41270560667535; -86.95041119076906]
CRITICAL:root:[2021-02-23 20:55:08.748927] Tower wt1 dev = 0.00040378800000000215 ; Tower wt3 dev = 0.00011366749999999932 
CRITICAL:root:[2021-02-23 20:55:10.470173] Towers wt1 and wt2 spotted a threat. Coordinates [40.41281172282354; -86.95049822229015]
CRITICAL:root:[2021-02-23 20:55:10.470173] Tower wt1 dev = 0.00040378800000000215 ; Tower wt2 dev = 0.00020715675000000135 
CRITICAL:root:[2021-02-23 20:55:10.632586] Towers wt1 and wt2 spotted a threat. Coordinates [40.412795677993174; -86.95054582195357]
CRITICAL:root:[2021-02-23 20:55:10.632586] Tower wt1 dev = 0.0005181990000000022 ; Tower wt2 dev = 0.00020715675000000135 
CRITICAL:root:[2021-02-23 20:55:10.713256] Towers wt1 and wt2 spotted a threat. Coordinates [40.412795677993174; -86.95054582195357]
CRITICAL:root:[2021-02-23 20:55:10.713256] Tower wt1 dev = 0.0005181990000000022 ; Tower wt2 dev = 0.00020715675000000135 
CRITICAL:root:[2021-02-23 20:55:12.440551] Towers wt1 and wt2 spotted a threat. Coordinates [40.41279414483401; -86.95055037032576]
CRITICAL:root:[2021-02-23 20:55:12.440551] Tower wt1 dev = 0.0005181990000000022 ; Tower wt2 dev = 0.00020200475000000002 
CRITICAL:root:[2021-02-23 20:55:12.614111] Towers wt1 and wt2 spotted a threat. Coordinates [40.41282534060603; -86.95045782286878]
CRITICAL:root:[2021-02-23 20:55:12.614111] Tower wt1 dev = 0.0003234080000000007 ; Tower wt2 dev = 0.00020200475000000002 
CRITICAL:root:[2021-02-23 20:55:12.728532] Towers wt3 and wt1 spotted a threat. Coordinates [40.41269937886834; -86.94986002984837]
CRITICAL:root:[2021-02-23 20:55:12.728532] Tower wt3 dev = 0.0003662444999999997 ; Tower wt1 dev = 0.0003234080000000007 
CRITICAL:root:[2021-02-23 20:55:14.404703] Towers wt3 and wt1 spotted a threat. Coordinates [40.41269937886834; -86.94986002984837]
CRITICAL:root:[2021-02-23 20:55:14.404703] Tower wt3 dev = 0.0003662444999999997 ; Tower wt1 dev = 0.0003234080000000007 
CRITICAL:root:[2021-02-23 20:55:14.640319] Towers wt3 and wt1 spotted a threat. Coordinates [40.41269416881804; -86.94939894039713]
CRITICAL:root:[2021-02-23 20:55:14.640319] Tower wt3 dev = 0.0003662444999999997 ; Tower wt1 dev = 9.644299999999988e-05 
CRITICAL:root:[2021-02-23 20:55:14.732133] Towers wt1 and wt2 spotted a threat. Coordinates [40.41284038987951; -86.95041317669077]
CRITICAL:root:[2021-02-23 20:55:14.732133] Tower wt1 dev = 9.644299999999988e-05 ; Tower wt2 dev = 7.414175000000113e-05 
CRITICAL:root:[2021-02-23 20:55:16.658734] Towers wt1 and wt2 spotted a threat. Coordinates [40.41279878242682; -86.95053661213376]
CRITICAL:root:[2021-02-23 20:55:16.658734] Tower wt1 dev = 9.644299999999988e-05 ; Tower wt2 dev = 4.053849999999942e-05 
CRITICAL:root:[2021-02-23 20:55:16.726623] Towers wt1 and wt2 spotted a threat. Coordinates [40.41272118670166; -86.95076681278506]
CRITICAL:root:[2021-02-23 20:55:16.726623] Tower wt1 dev = 0.0010466050000000008 ; Tower wt2 dev = 4.053849999999942e-05 
CRITICAL:root:[2021-02-23 20:55:16.822715] Towers wt1 and wt2 spotted a threat. Coordinates [40.41272118670166; -86.95076681278506]
CRITICAL:root:[2021-02-23 20:55:16.822715] Tower wt1 dev = 0.0010466050000000008 ; Tower wt2 dev = 4.053849999999942e-05 
CRITICAL:root:[2021-02-23 20:55:18.623875] Towers wt1 and wt2 spotted a threat. Coordinates [40.41273867687184; -86.95071492528021]
CRITICAL:root:[2021-02-23 20:55:18.623875] Tower wt1 dev = 0.0010466050000000008 ; Tower wt2 dev = 0.0001106185000000013 
CRITICAL:root:[2021-02-23 20:55:18.798471] Towers wt1 and wt2 spotted a threat. Coordinates [40.41272349216158; -86.95075997325397]
CRITICAL:root:[2021-02-23 20:55:18.798471] Tower wt1 dev = 0.0023489984999999994 ; Tower wt2 dev = 0.0001106185000000013 
CRITICAL:root:[2021-02-23 20:55:18.831865] Towers wt1 and wt2 spotted a threat. Coordinates [40.41272349216158; -86.95075997325397]
CRITICAL:root:[2021-02-23 20:55:18.831865] Tower wt1 dev = 0.0023489984999999994 ; Tower wt2 dev = 0.0001106185000000013 
CRITICAL:root:[2021-02-23 20:55:20.571588] Towers wt1 and wt2 spotted a threat. Coordinates [40.41273017621325; -86.95074014390067]
CRITICAL:root:[2021-02-23 20:55:20.571588] Tower wt1 dev = 0.0023489984999999994 ; Tower wt2 dev = 0.00016937050000000002 
CRITICAL:root:[2021-02-23 20:55:20.777452] Towers wt1 and wt2 spotted a threat. Coordinates [40.41277047693692; -86.95062058508714]
CRITICAL:root:[2021-02-23 20:55:20.777452] Tower wt1 dev = 0.0006708034999999991 ; Tower wt2 dev = 0.00016937050000000002 
CRITICAL:root:[2021-02-23 20:55:20.972684] Towers wt1 and wt3 spotted a threat. Coordinates [40.412703621143116; -86.95023547116614]
CRITICAL:root:[2021-02-23 20:55:20.972684] Tower wt1 dev = 0.0006708034999999991 ; Tower wt3 dev = 0.0003141410000000004 
CRITICAL:root:[2021-02-23 20:55:23.590235] Towers wt1 and wt3 spotted a threat. Coordinates [40.412703621143116; -86.95023547116614]
CRITICAL:root:[2021-02-23 20:55:23.590235] Tower wt1 dev = 0.0006708034999999991 ; Tower wt3 dev = 0.0003141410000000004 
CRITICAL:root:[2021-02-23 20:55:23.840425] Towers wt1 and wt3 spotted a threat. Coordinates [40.41270277422887; -86.95016051925504]
CRITICAL:root:[2021-02-23 20:55:23.840425] Tower wt1 dev = 0.0006708034999999991 ; Tower wt3 dev = 0.00037944150000000093 
CRITICAL:root:[2021-02-23 20:55:23.925635] Towers wt3 and wt2 spotted a threat. Coordinates [40.41279715608681; -86.94932467923873]
CRITICAL:root:[2021-02-23 20:55:23.925635] Tower wt3 dev = 0.00037944150000000093 ; Tower wt2 dev = 0.00019102950000000028 
CRITICAL:root:[2021-02-23 20:55:25.629504] Towers wt3 and wt2 spotted a threat. Coordinates [40.41278180686855; -86.94928246888853]
CRITICAL:root:[2021-02-23 20:55:25.629504] Tower wt3 dev = 0.00037944150000000093 ; Tower wt2 dev = 0.00015265724999999862 
CRITICAL:root:[2021-02-23 20:55:25.947160] Towers wt3 and wt2 spotted a threat. Coordinates [40.412769778776614; -86.94924939163569]
CRITICAL:root:[2021-02-23 20:55:25.947160] Tower wt3 dev = 0.0004596649999999997 ; Tower wt2 dev = 0.00015265724999999862 
CRITICAL:root:[2021-02-23 20:55:25.996168] Towers wt3 and wt2 spotted a threat. Coordinates [40.412769778776614; -86.94924939163569]
CRITICAL:root:[2021-02-23 20:55:25.996168] Tower wt3 dev = 0.0004596649999999997 ; Tower wt2 dev = 0.00015265724999999862 
CRITICAL:root:[2021-02-23 20:55:27.625737] Towers wt3 and wt2 spotted a threat. Coordinates [40.412771068406244; -86.94925293811717]
CRITICAL:root:[2021-02-23 20:55:27.625737] Tower wt3 dev = 0.0004596649999999997 ; Tower wt2 dev = 0.00015596225000000068 
CRITICAL:root:[2021-02-23 20:55:28.043298] Towers wt3 and wt2 spotted a threat. Coordinates [40.41278221365414; -86.94928358754888]
CRITICAL:root:[2021-02-23 20:55:28.043298] Tower wt3 dev = 0.0003852582499999993 ; Tower wt2 dev = 0.00015596225000000068 
CRITICAL:root:[2021-02-23 20:55:28.104580] Towers wt3 and wt2 spotted a threat. Coordinates [40.41278221365414; -86.94928358754888]
CRITICAL:root:[2021-02-23 20:55:28.104580] Tower wt3 dev = 0.0003852582499999993 ; Tower wt2 dev = 0.00015596225000000068 
CRITICAL:root:[2021-02-23 20:55:29.575137] Towers wt3 and wt2 spotted a threat. Coordinates [40.4127606212287; -86.94922420837892]
CRITICAL:root:[2021-02-23 20:55:29.575137] Tower wt3 dev = 0.0003852582499999993 ; Tower wt2 dev = 0.00010910075000000047 
CRITICAL:root:[2021-02-23 20:55:30.095018] Towers wt3 and wt2 spotted a threat. Coordinates [40.41273851465873; -86.94916341531149]
CRITICAL:root:[2021-02-23 20:55:30.095018] Tower wt3 dev = 0.0006105217499999989 ; Tower wt2 dev = 0.00010910075000000047 
CRITICAL:root:[2021-02-23 20:55:30.147949] Towers wt3 and wt2 spotted a threat. Coordinates [40.41273851465873; -86.94916341531149]
CRITICAL:root:[2021-02-23 20:55:30.147949] Tower wt3 dev = 0.0006105217499999989 ; Tower wt2 dev = 0.00010910075000000047 
CRITICAL:root:[2021-02-23 20:55:32.388217] Towers wt3 and wt2 spotted a threat. Coordinates [40.412729663855416; -86.94913907560239]
CRITICAL:root:[2021-02-23 20:55:32.388217] Tower wt3 dev = 0.0006105217499999989 ; Tower wt2 dev = 8.638075000000009e-05 
CRITICAL:root:[2021-02-23 20:55:32.424304] Towers wt3 and wt2 spotted a threat. Coordinates [40.41275418483258; -86.94920650828959]
CRITICAL:root:[2021-02-23 20:55:32.424304] Tower wt3 dev = 0.0003442792499999993 ; Tower wt2 dev = 8.638075000000009e-05 
CRITICAL:root:[2021-02-23 20:55:32.442933] Towers wt3 and wt2 spotted a threat. Coordinates [40.41275418483258; -86.94920650828959]
CRITICAL:root:[2021-02-23 20:55:32.442933] Tower wt3 dev = 0.0003442792499999993 ; Tower wt2 dev = 8.638075000000009e-05 
CRITICAL:root:[2021-02-23 20:55:35.176978] Towers wt2 and wt1 spotted a threat. Coordinates [40.41286701974697; -86.95033417475067]
CRITICAL:root:[2021-02-23 20:55:35.176978] Tower wt2 dev = 8.638075000000009e-05 ; Tower wt1 dev = 7.865724999999921e-05 
CRITICAL:root:[2021-02-23 20:55:35.201499] Towers wt2 and wt1 spotted a threat. Coordinates [40.41290829242274; -86.9502117324792]
CRITICAL:root:[2021-02-23 20:55:35.201499] Tower wt2 dev = 0.0001533527500000003 ; Tower wt1 dev = 7.865724999999921e-05 
CRITICAL:root:[2021-02-23 20:55:35.318857] Towers wt1 and wt2 spotted a threat. Coordinates [40.41283190404584; -86.95043835133067]
CRITICAL:root:[2021-02-23 20:55:35.318857] Tower wt1 dev = 0.00022404099999999948 ; Tower wt2 dev = 0.0001533527500000003 
CRITICAL:root:[2021-02-23 20:55:37.348587] Tower wt1 spotted a threat. Coordinates [40.41271; -86.9508]
CRITICAL:root:[2021-02-23 20:55:37.408925] Tower wt1 spotted a threat. Coordinates [40.41271; -86.9508]
CRITICAL:root:[2021-02-23 20:55:37.453449] Tower wt1 spotted a threat. Coordinates [40.41271; -86.9508]
CRITICAL:root:[2021-02-23 20:55:39.880557] Towers wt3 and wt1 spotted a threat. Coordinates [40.412699866642406; -86.9499031978533]
CRITICAL:root:[2021-02-23 20:55:39.880557] Tower wt3 dev = 0.00039826349999999913 ; Tower wt1 dev = 0.00038778100000000024 
CRITICAL:root:[2021-02-23 20:55:39.924971] Towers wt2 and wt3 spotted a threat. Coordinates [40.41292818329941; -86.94968500407336]
CRITICAL:root:[2021-02-23 20:55:39.924971] Tower wt2 dev = 0.0011594175000000009 ; Tower wt3 dev = 0.00039826349999999913 
CRITICAL:root:[2021-02-23 20:55:39.926973] Towers wt2 and wt1 spotted a threat. Coordinates [40.412930728191505; -86.95014517303187]
CRITICAL:root:[2021-02-23 20:55:39.926973] Tower wt2 dev = 0.0011594175000000009 ; Tower wt1 dev = 0.0004163905000000006 
CRITICAL:root:[2021-02-23 20:55:42.035376] Towers wt2 and wt1 spotted a threat. Coordinates [40.41289769695286; -86.95024316570651]
CRITICAL:root:[2021-02-23 20:55:42.035376] Tower wt2 dev = 0.0006959315000000001 ; Tower wt1 dev = 0.0004163905000000006 
CRITICAL:root:[2021-02-23 20:55:42.105834] Towers wt2 and wt1 spotted a threat. Coordinates [40.41289769695286; -86.95024316570651]
CRITICAL:root:[2021-02-23 20:55:42.105834] Tower wt2 dev = 0.0006959315000000001 ; Tower wt1 dev = 0.0004163905000000006 
CRITICAL:root:[2021-02-23 20:55:42.135724] Towers wt2 and wt1 spotted a threat. Coordinates [40.412894653868165; -86.95025219352445]
CRITICAL:root:[2021-02-23 20:55:42.135724] Tower wt2 dev = 0.0006959315000000001 ; Tower wt1 dev = 0.0004347215000000005 
CRITICAL:root:[2021-02-23 20:55:44.011489] Towers wt1 and wt3 spotted a threat. Coordinates [40.412701178233476; -86.95001927366289]
CRITICAL:root:[2021-02-23 20:55:44.011489] Tower wt1 dev = 0.0004347215000000005 ; Tower wt3 dev = 0.00034307849999999987 
CRITICAL:root:[2021-02-23 20:55:44.160731] Towers wt1 and wt3 spotted a threat. Coordinates [40.41270045055815; -86.94995487439651]
CRITICAL:root:[2021-02-23 20:55:44.160731] Tower wt1 dev = 0.0003754524999999998 ; Tower wt3 dev = 0.00034307849999999987 
CRITICAL:root:[2021-02-23 20:55:44.178769] Towers wt1 and wt2 spotted a threat. Coordinates [40.41280245148297; -86.9505257272672]
CRITICAL:root:[2021-02-23 20:55:44.178769] Tower wt1 dev = 0.0003754524999999998 ; Tower wt2 dev = 0.00016724350000000068 
CRITICAL:root:[2021-02-23 20:55:46.004936] Towers wt1 and wt3 spotted a threat. Coordinates [40.412703928475366; -86.95026267007039]
CRITICAL:root:[2021-02-23 20:55:46.004936] Tower wt1 dev = 0.0003754524999999998 ; Tower wt3 dev = 0.00016366249999999992 
CRITICAL:root:[2021-02-23 20:55:46.324051] Tower wt1 spotted a threat. Coordinates [40.41271; -86.9508]
CRITICAL:root:[2021-02-23 20:56:52.624237] Tower wt2 spotted a threat. Coordinates [40.41301; -86.94991]
CRITICAL:root:[2021-02-23 20:56:54.566903] Tower wt2 spotted a threat. Coordinates [40.41301; -86.94991]
CRITICAL:root:[2021-02-23 20:56:54.661182] Tower wt2 spotted a threat. Coordinates [40.41301; -86.94991]
CRITICAL:root:[2021-02-23 20:57:30.915159] Tower wt2 spotted a threat. Coordinates [40.41301; -86.94991]
CRITICAL:root:[2021-02-23 20:57:30.960613] Tower wt2 spotted a threat. Coordinates [40.41301; -86.94991]
CRITICAL:root:[2021-02-23 20:57:32.383768] Tower wt2 spotted a threat. Coordinates [40.41301; -86.94991]
CRITICAL:root:[2021-02-23 20:57:35.078268] Tower wt2 spotted a threat. Coordinates [40.41301; -86.94991]
CRITICAL:root:[2021-02-23 20:57:36.412336] Tower wt2 spotted a threat. Coordinates [40.41301; -86.94991]
CRITICAL:root:[2021-02-23 20:57:37.046899] Tower wt2 spotted a threat. Coordinates [40.41301; -86.94991]
CRITICAL:root:[2021-02-23 20:57:37.106601] Tower wt2 spotted a threat. Coordinates [40.41301; -86.94991]
CRITICAL:root:[2021-02-23 20:57:38.498560] Tower wt2 spotted a threat. Coordinates [40.41301; -86.94991]
CRITICAL:root:[2021-02-23 20:57:39.378458] Tower wt2 spotted a threat. Coordinates [40.41301; -86.94991]
CRITICAL:root:[2021-02-23 20:57:46.803665] Tower wt1 spotted a threat. Coordinates [40.41271; -86.9508]
CRITICAL:root:[2021-02-23 20:57:47.731641] Tower wt1 spotted a threat. Coordinates [40.41271; -86.9508]
CRITICAL:root:[2021-02-23 20:57:48.400778] Tower wt1 spotted a threat. Coordinates [40.41271; -86.9508]
CRITICAL:root:[2021-02-23 20:57:54.613786] Tower wt2 spotted a threat. Coordinates [40.41301; -86.94991]
CRITICAL:root:[2021-02-23 20:57:55.200791] Tower wt2 spotted a threat. Coordinates [40.41301; -86.94991]
CRITICAL:root:[2021-02-23 20:57:55.885520] Tower wt2 spotted a threat. Coordinates [40.41301; -86.94991]
CRITICAL:root:[2021-02-23 20:58:04.469158] Tower wt2 spotted a threat. Coordinates [40.41301; -86.94991]
CRITICAL:root:[2021-02-23 20:58:04.867113] Tower wt2 spotted a threat. Coordinates [40.41301; -86.94991]
CRITICAL:root:[2021-02-23 20:58:05.858816] Tower wt2 spotted a threat. Coordinates [40.41301; -86.94991]
CRITICAL:root:[2021-02-23 20:58:10.294944] Tower wt2 spotted a threat. Coordinates [40.41301; -86.94991]
CRITICAL:root:[2021-02-23 20:58:10.604385] Tower wt2 spotted a threat. Coordinates [40.41301; -86.94991]
CRITICAL:root:[2021-02-23 20:58:11.862617] Tower wt2 spotted a threat. Coordinates [40.41301; -86.94991]
CRITICAL:root:[2021-02-23 20:58:14.222274] Tower wt2 spotted a threat. Coordinates [40.41301; -86.94991]
CRITICAL:root:[2021-02-23 20:58:14.437484] Tower wt2 spotted a threat. Coordinates [40.41301; -86.94991]
CRITICAL:root:[2021-02-23 20:58:15.924531] Tower wt2 spotted a threat. Coordinates [40.41301; -86.94991]
CRITICAL:root:[2021-02-23 20:58:26.194574] Tower wt2 spotted a threat. Coordinates [40.41301; -86.94991]
CRITICAL:root:[2021-02-23 20:58:26.298180] Tower wt2 spotted a threat. Coordinates [40.41301; -86.94991]
CRITICAL:root:[2021-02-23 20:58:27.632685] Tower wt2 spotted a threat. Coordinates [40.41301; -86.94991]
CRITICAL:root:[2021-02-23 20:58:29.979065] Tower wt2 spotted a threat. Coordinates [40.41301; -86.94991]
CRITICAL:root:[2021-02-23 20:58:30.178235] Tower wt2 spotted a threat. Coordinates [40.41301; -86.94991]
CRITICAL:root:[2021-02-23 20:58:31.642714] Tower wt2 spotted a threat. Coordinates [40.41301; -86.94991]
CRITICAL:root:[2021-02-23 20:58:33.731438] Tower wt2 spotted a threat. Coordinates [40.41301; -86.94991]
CRITICAL:root:[2021-02-23 20:58:33.959965] Tower wt2 spotted a threat. Coordinates [40.41301; -86.94991]
CRITICAL:root:[2021-02-23 21:01:23.789346] Tower wt2 spotted a threat. Coordinates [40.41301; -86.94991]
CRITICAL:root:[2021-02-23 21:01:25.263387] Tower wt2 spotted a threat. Coordinates [40.41301; -86.94991]
CRITICAL:root:[2021-02-23 21:01:27.602171] Tower wt2 spotted a threat. Coordinates [40.41301; -86.94991]
CRITICAL:root:[2021-02-23 21:01:27.677611] Tower wt2 spotted a threat. Coordinates [40.41301; -86.94991]
CRITICAL:root:[2021-02-23 21:01:29.321054] Tower wt2 spotted a threat. Coordinates [40.41301; -86.94991]
CRITICAL:root:[2021-02-23 21:01:39.335477] Tower wt2 spotted a threat. Coordinates [40.41301; -86.94991]
CRITICAL:root:[2021-02-23 21:01:39.596075] Tower wt2 spotted a threat. Coordinates [40.41301; -86.94991]
CRITICAL:root:[2021-02-23 21:01:40.980467] Tower wt2 spotted a threat. Coordinates [40.41301; -86.94991]
CRITICAL:root:[2021-02-23 21:02:04.450030] Tower wt2 spotted a threat. Coordinates [40.41301; -86.94991]
CRITICAL:root:[2021-02-23 21:02:05.096746] Tower wt2 spotted a threat. Coordinates [40.41301; -86.94991]
CRITICAL:root:[2021-02-23 21:02:05.113576] Tower wt2 spotted a threat. Coordinates [40.41301; -86.94991]
CRITICAL:root:[2021-02-23 21:02:11.478486] Tower wt1 spotted a threat. Coordinates [40.41271; -86.9508]
CRITICAL:root:[2021-02-23 21:02:11.559567] Tower wt1 spotted a threat. Coordinates [40.41271; -86.9508]
CRITICAL:root:[2021-02-23 21:02:12.497013] Tower wt1 spotted a threat. Coordinates [40.41271; -86.9508]
CRITICAL:root:[2021-02-23 21:03:24.452108] Tower wt2 spotted a threat. Coordinates [40.41301; -86.94991]
CRITICAL:root:[2021-02-23 21:03:24.535719] Tower wt2 spotted a threat. Coordinates [40.41301; -86.94991]
CRITICAL:root:[2021-02-23 21:03:26.600825] Tower wt2 spotted a threat. Coordinates [40.41301; -86.94991]
CRITICAL:root:[2021-02-23 21:03:32.289156] Tower wt2 spotted a threat. Coordinates [40.41301; -86.94991]
CRITICAL:root:[2021-02-23 21:03:32.476129] Tower wt2 spotted a threat. Coordinates [40.41301; -86.94991]
CRITICAL:root:[2021-02-23 21:03:34.273096] Tower wt2 spotted a threat. Coordinates [40.41301; -86.94991]
CRITICAL:root:[2021-02-23 21:04:21.918581] Tower wt2 spotted a threat. Coordinates [40.41301; -86.94991]
CRITICAL:root:[2021-02-23 21:04:21.972576] Tower wt2 spotted a threat. Coordinates [40.41301; -86.94991]
CRITICAL:root:[2021-02-23 21:04:23.702582] Tower wt2 spotted a threat. Coordinates [40.41301; -86.94991]
CRITICAL:root:[2021-02-23 21:04:29.702576] Tower wt2 spotted a threat. Coordinates [40.41301; -86.94991]
CRITICAL:root:[2021-02-23 21:04:29.749147] Tower wt2 spotted a threat. Coordinates [40.41301; -86.94991]
CRITICAL:root:[2021-02-23 21:04:31.558406] Tower wt2 spotted a threat. Coordinates [40.41301; -86.94991]
CRITICAL:root:[2021-02-23 21:04:33.558173] Tower wt1 spotted a threat. Coordinates [40.41271; -86.9508]
CRITICAL:root:[2021-02-23 21:04:33.562173] Tower wt1 spotted a threat. Coordinates [40.41271; -86.9508]
CRITICAL:root:[2021-02-23 21:04:35.503268] Towers wt1 and wt2 spotted a threat. Coordinates [40.41278110999676; -86.95058904034295]
CRITICAL:root:[2021-02-23 21:04:35.503268] Tower wt1 dev = 0.0005865374999999996 ; Tower wt2 dev = 0.0001822214999999995 
CRITICAL:root:[2021-02-23 21:04:35.518492] Tower wt2 spotted a threat. Coordinates [40.41301; -86.94991]
CRITICAL:root:[2021-02-23 21:04:35.519341] Tower wt2 spotted a threat. Coordinates [40.41301; -86.94991]
CRITICAL:root:[2021-02-23 21:04:46.904238] Tower wt2 spotted a threat. Coordinates [40.41301; -86.94991]
CRITICAL:root:[2021-02-23 21:04:46.956178] Tower wt2 spotted a threat. Coordinates [40.41301; -86.94991]
CRITICAL:root:[2021-02-23 21:04:46.982152] Tower wt2 spotted a threat. Coordinates [40.41301; -86.94991]
